Traceback (most recent call last):
  File "train_model.py", line 224, in <module>
    cli()
  File "/home/g17amitprasad_gmail_com/miniconda3/envs/tf2_gpu/lib/python3.6/site-packages/click/core.py", line 764, in __call__
    return self.main(*args, **kwargs)
  File "/home/g17amitprasad_gmail_com/miniconda3/envs/tf2_gpu/lib/python3.6/site-packages/click/core.py", line 717, in main
    rv = self.invoke(ctx)
  File "/home/g17amitprasad_gmail_com/miniconda3/envs/tf2_gpu/lib/python3.6/site-packages/click/core.py", line 1137, in invoke
    return _process_result(sub_ctx.command.invoke(sub_ctx))
  File "/home/g17amitprasad_gmail_com/miniconda3/envs/tf2_gpu/lib/python3.6/site-packages/click/core.py", line 956, in invoke
    return ctx.invoke(self.callback, **ctx.params)
  File "/home/g17amitprasad_gmail_com/miniconda3/envs/tf2_gpu/lib/python3.6/site-packages/click/core.py", line 555, in invoke
    return callback(*args, **kwargs)
  File "train_model.py", line 188, in continue_model
    model = keras.models.load_model(initial)
  File "/home/g17amitprasad_gmail_com/miniconda3/envs/tf2_gpu/lib/python3.6/site-packages/tensorflow/python/keras/saving/save.py", line 137, in load_model
    return hdf5_format.load_model_from_hdf5(filepath, custom_objects, compile)
  File "/home/g17amitprasad_gmail_com/miniconda3/envs/tf2_gpu/lib/python3.6/site-packages/tensorflow/python/keras/saving/hdf5_format.py", line 162, in load_model_from_hdf5
    custom_objects=custom_objects)
  File "/home/g17amitprasad_gmail_com/miniconda3/envs/tf2_gpu/lib/python3.6/site-packages/tensorflow/python/keras/saving/model_config.py", line 55, in model_from_config
    return deserialize(config, custom_objects=custom_objects)
  File "/home/g17amitprasad_gmail_com/miniconda3/envs/tf2_gpu/lib/python3.6/site-packages/tensorflow/python/keras/layers/serialization.py", line 90, in deserialize
    printable_module_name='layer')
  File "/home/g17amitprasad_gmail_com/miniconda3/envs/tf2_gpu/lib/python3.6/site-packages/tensorflow/python/keras/utils/generic_utils.py", line 192, in deserialize_keras_object
    list(custom_objects.items())))
  File "/home/g17amitprasad_gmail_com/miniconda3/envs/tf2_gpu/lib/python3.6/site-packages/tensorflow/python/keras/engine/network.py", line 1133, in from_config
    process_node(layer, node_data)
  File "/home/g17amitprasad_gmail_com/miniconda3/envs/tf2_gpu/lib/python3.6/site-packages/tensorflow/python/keras/engine/network.py", line 1089, in process_node
    layer(flat_input_tensors[0], **kwargs)
  File "/home/g17amitprasad_gmail_com/miniconda3/envs/tf2_gpu/lib/python3.6/site-packages/tensorflow/python/keras/engine/base_layer.py", line 616, in __call__
    self._maybe_build(inputs)
  File "/home/g17amitprasad_gmail_com/miniconda3/envs/tf2_gpu/lib/python3.6/site-packages/tensorflow/python/keras/engine/base_layer.py", line 1966, in _maybe_build
    self.build(input_shapes)
  File "/home/g17amitprasad_gmail_com/miniconda3/envs/tf2_gpu/lib/python3.6/site-packages/tensorflow/python/keras/layers/wrappers.py", line 204, in build
    super(TimeDistributed, self).build(tuple(child_input_shape))
  File "/home/g17amitprasad_gmail_com/miniconda3/envs/tf2_gpu/lib/python3.6/site-packages/tensorflow/python/keras/layers/wrappers.py", line 62, in build
    self.layer.build(input_shape)
  File "/home/g17amitprasad_gmail_com/miniconda3/envs/tf2_gpu/lib/python3.6/site-packages/tensorflow/python/keras/layers/convolutional.py", line 165, in build
    dtype=self.dtype)
  File "/home/g17amitprasad_gmail_com/miniconda3/envs/tf2_gpu/lib/python3.6/site-packages/tensorflow/python/keras/engine/base_layer.py", line 389, in add_weight
    aggregation=aggregation)
  File "/home/g17amitprasad_gmail_com/miniconda3/envs/tf2_gpu/lib/python3.6/site-packages/tensorflow/python/training/tracking/base.py", line 713, in _add_variable_with_custom_getter
    **kwargs_for_getter)
  File "/home/g17amitprasad_gmail_com/miniconda3/envs/tf2_gpu/lib/python3.6/site-packages/tensorflow/python/keras/engine/base_layer_utils.py", line 154, in make_variable
    shape=variable_shape if variable_shape else None)
  File "/home/g17amitprasad_gmail_com/miniconda3/envs/tf2_gpu/lib/python3.6/site-packages/tensorflow/python/ops/variables.py", line 260, in __call__
    return cls._variable_v1_call(*args, **kwargs)
  File "/home/g17amitprasad_gmail_com/miniconda3/envs/tf2_gpu/lib/python3.6/site-packages/tensorflow/python/ops/variables.py", line 221, in _variable_v1_call
    shape=shape)
  File "/home/g17amitprasad_gmail_com/miniconda3/envs/tf2_gpu/lib/python3.6/site-packages/tensorflow/python/ops/variables.py", line 199, in <lambda>
    previous_getter = lambda **kwargs: default_variable_creator(None, **kwargs)
  File "/home/g17amitprasad_gmail_com/miniconda3/envs/tf2_gpu/lib/python3.6/site-packages/tensorflow/python/ops/variable_scope.py", line 2502, in default_variable_creator
    shape=shape)
  File "/home/g17amitprasad_gmail_com/miniconda3/envs/tf2_gpu/lib/python3.6/site-packages/tensorflow/python/ops/variables.py", line 264, in __call__
    return super(VariableMetaclass, cls).__call__(*args, **kwargs)
  File "/home/g17amitprasad_gmail_com/miniconda3/envs/tf2_gpu/lib/python3.6/site-packages/tensorflow/python/ops/resource_variable_ops.py", line 464, in __init__
    shape=shape)
  File "/home/g17amitprasad_gmail_com/miniconda3/envs/tf2_gpu/lib/python3.6/site-packages/tensorflow/python/ops/resource_variable_ops.py", line 608, in _init_from_args
    initial_value() if init_from_fn else initial_value,
  File "/home/g17amitprasad_gmail_com/miniconda3/envs/tf2_gpu/lib/python3.6/site-packages/tensorflow/python/keras/engine/base_layer_utils.py", line 134, in <lambda>
    init_val = lambda: initializer(shape, dtype=dtype)
  File "/home/g17amitprasad_gmail_com/miniconda3/envs/tf2_gpu/lib/python3.6/site-packages/tensorflow/python/ops/init_ops_v2.py", line 437, in __call__
    return self._random_generator.random_uniform(shape, -limit, limit, dtype)
  File "/home/g17amitprasad_gmail_com/miniconda3/envs/tf2_gpu/lib/python3.6/site-packages/tensorflow/python/ops/init_ops_v2.py", line 800, in random_uniform
    shape=shape, minval=minval, maxval=maxval, dtype=dtype, seed=self.seed)
  File "/home/g17amitprasad_gmail_com/miniconda3/envs/tf2_gpu/lib/python3.6/site-packages/tensorflow/python/ops/random_ops.py", line 248, in random_uniform
    return math_ops.add(rnd * (maxval - minval), minval, name=name)
  File "/home/g17amitprasad_gmail_com/miniconda3/envs/tf2_gpu/lib/python3.6/site-packages/tensorflow/python/ops/gen_math_ops.py", line 383, in add
    _six.raise_from(_core._status_to_exception(e.code, message), None)
  File "<string>", line 3, in raise_from
tensorflow.python.framework.errors_impl.ResourceExhaustedError: OOM when allocating tensor with shape[3,3,1024,256] and type float on /job:localhost/replica:0/task:0/device:GPU:0 by allocator GPU_0_bfc [Op:Add] name: block13_conv2d/kernel/Initializer/random_uniform/
